Connecting to database specified by database.yml
Compiled jquery.js  (1ms)  (pid 26278)
Compiled jquery_ujs.js  (0ms)  (pid 26278)
Compiled twitter/bootstrap/transition.js  (0ms)  (pid 26278)
Compiled twitter/bootstrap/alert.js  (0ms)  (pid 26278)
Compiled twitter/bootstrap/modal.js  (0ms)  (pid 26278)
Compiled twitter/bootstrap/dropdown.js  (0ms)  (pid 26278)
Compiled twitter/bootstrap/scrollspy.js  (0ms)  (pid 26278)
Compiled twitter/bootstrap/tab.js  (0ms)  (pid 26278)
Compiled twitter/bootstrap/tooltip.js  (0ms)  (pid 26278)
Compiled twitter/bootstrap/popover.js  (0ms)  (pid 26278)
Compiled twitter/bootstrap/button.js  (0ms)  (pid 26278)
Compiled twitter/bootstrap/collapse.js  (0ms)  (pid 26278)
Compiled twitter/bootstrap/carousel.js  (0ms)  (pid 26278)
Compiled twitter/bootstrap/affix.js  (0ms)  (pid 26278)
Compiled twitter/bootstrap.js  (34ms)  (pid 26278)
Compiled jquery-ui.js  (2ms)  (pid 26278)
Compiled application.js  (46ms)  (pid 26278)
Compiled bootstrap_and_overrides.css  (774ms)  (pid 26278)
Compiled jquery-ui/jquery-ui-1.10.3.custom.min.css  (0ms)  (pid 26278)
Compiled canvas.css  (3ms)  (pid 26278)
Compiled application.css  (792ms)  (pid 26278)
Connecting to database specified by database.yml
Compiled jquery.js  (1ms)  (pid 26278)
Compiled jquery_ujs.js  (0ms)  (pid 26278)
Compiled twitter/bootstrap/transition.js  (0ms)  (pid 26278)
Compiled twitter/bootstrap/alert.js  (0ms)  (pid 26278)
Compiled twitter/bootstrap/modal.js  (0ms)  (pid 26278)
Compiled twitter/bootstrap/dropdown.js  (0ms)  (pid 26278)
Compiled twitter/bootstrap/scrollspy.js  (0ms)  (pid 26278)
Compiled twitter/bootstrap/tab.js  (0ms)  (pid 26278)
Compiled twitter/bootstrap/tooltip.js  (0ms)  (pid 26278)
Compiled twitter/bootstrap/popover.js  (0ms)  (pid 26278)
Compiled twitter/bootstrap/button.js  (0ms)  (pid 26278)
Compiled twitter/bootstrap/collapse.js  (0ms)  (pid 26278)
Compiled twitter/bootstrap/carousel.js  (0ms)  (pid 26278)
Compiled twitter/bootstrap/affix.js  (0ms)  (pid 26278)
Compiled twitter/bootstrap.js  (34ms)  (pid 26278)
Compiled jquery-ui.js  (2ms)  (pid 26278)
Compiled application.js  (46ms)  (pid 26278)
Compiled bootstrap_and_overrides.css  (751ms)  (pid 26278)
Compiled jquery-ui/jquery-ui-1.10.3.custom.min.css  (0ms)  (pid 26278)
Compiled canvas.css  (3ms)  (pid 26278)
Compiled application.css  (769ms)  (pid 26278)
Connecting to database specified by database.yml
